<?xml version="1.0" encoding="UTF-8"?>
<!-- Generated by org.testng.reporters.JUnitXMLReporter -->
<testsuite hostname="DESKTOP-4K3DOPB" ignored="0" name="Test" tests="5" failures="1" timestamp="20 Jul 2018 16:36:58 GMT" time="0.059" errors="0">
  <testcase name="DisneyTest" time="0.012" classname="com.usa.unittesting.TestCase5">
    <failure type="java.lang.AssertionError" message="expected [true] but found [false]">
      <![CDATA[java.lang.AssertionError: expected [true] but found [false]
	at com.usa.unittesting.TestCase5.DisneyTest(TestCase5.java:11)
... Removed 29 stack frames]]>
    </failure>
  </testcase> <!-- DisneyTest -->
  <testcase name="WhatsAppTest" time="0.003" classname="com.usa.unittesting.TestCase4"/>
  <testcase name="UpsTest" time="0.001" classname="com.usa.unittesting.TestCase3"/>
  <testcase name="GoogleTest" time="0.002" classname="com.usa.unittesting.TestCase2"/>
  <testcase name="eclipsAppTest" time="0.002" classname="com.usa.unittesting.TestCase1"/>
</testsuite> <!-- Test -->
